app/build/intermediates/manifest_merge_blame_file/release/manifest-merger-blame-release-report.txt
1<?xml version="1.0" encoding="utf-8"?>
2<manifest xmlns:android="http://schemas.android.com/apk/res/android"
3    package="hyphenate.demo.push"
4    android:versionCode="1"
5    android:versionName="1.0" >
6
7    <uses-sdk
8        android:minSdkVersion="21"
9        android:targetSdkVersion="34" />
10
11    <supports-screens
11-->src/main/AndroidManifest.xml:5:5-10:39
12        android:anyDensity="true"
12-->src/main/AndroidManifest.xml:6:9-34
13        android:largeScreens="true"
13-->src/main/AndroidManifest.xml:7:9-36
14        android:normalScreens="true"
14-->src/main/AndroidManifest.xml:8:9-37
15        android:resizeable="true"
15-->src/main/AndroidManifest.xml:9:9-34
16        android:smallScreens="true" />
16-->src/main/AndroidManifest.xml:10:9-36
17
18    <!-- Barcode(二维码)  begin -->
19    <uses-permission android:name="android.permission.CAMERA" />
19-->src/main/AndroidManifest.xml:13:5-65
19-->src/main/AndroidManifest.xml:13:22-62
20    <uses-permission
20-->src/main/AndroidManifest.xml:14:5-81
21        android:name="android.permission.WRITE_EXTERNAL_STORAGE"
21-->src/main/AndroidManifest.xml:14:22-78
22        android:maxSdkVersion="32" />
22-->[:uniplugin_ease_push] AndroidManifest.xml:24:9-35
23
24    <uses-feature android:name="android.hardware.camera" />
24-->src/main/AndroidManifest.xml:16:5-60
24-->src/main/AndroidManifest.xml:16:19-57
25    <uses-feature android:name="android.hardware.camera.autofocus" />
25-->src/main/AndroidManifest.xml:17:5-70
25-->src/main/AndroidManifest.xml:17:19-67
26
27    <uses-permission android:name="android.permission.VIBRATE" />
27-->src/main/AndroidManifest.xml:19:5-66
27-->src/main/AndroidManifest.xml:19:22-63
28    <uses-permission android:name="android.permission.FLASHLIGHT" />
28-->src/main/AndroidManifest.xml:20:5-69
28-->src/main/AndroidManifest.xml:20:22-66
29
30    <!-- 适配android 13 图片选择权限 -->
31    <uses-permission android:name="android.permission.READ_MEDIA_IMAGES" />
31-->[lib.5plus.base-release.aar] AndroidManifest.xml:17:5-76
31-->[lib.5plus.base-release.aar] AndroidManifest.xml:17:22-73
32    <uses-permission android:name="android.permission.READ_MEDIA_VIDEO" />
32-->[lib.5plus.base-release.aar] AndroidManifest.xml:18:5-75
32-->[lib.5plus.base-release.aar] AndroidManifest.xml:18:22-72
33    <uses-permission android:name="android.permission.READ_MEDIA_VISUAL_USER_SELECTED" />
33-->[lib.5plus.base-release.aar] AndroidManifest.xml:19:5-90
33-->[lib.5plus.base-release.aar] AndroidManifest.xml:19:22-87
34    <uses-permission android:name="android.permission.INTERNET" />
34-->[lib.5plus.base-release.aar] AndroidManifest.xml:20:5-67
34-->[lib.5plus.base-release.aar] AndroidManifest.xml:20:22-64
35    <uses-permission android:name="android.permission.ACCESS_NETWORK_STATE" />
35-->[lib.5plus.base-release.aar] AndroidManifest.xml:21:5-79
35-->[lib.5plus.base-release.aar] AndroidManifest.xml:21:22-76
36    <!--
37    <uses-permission
38        android:name="com.android.launcher.permission.UNINSTALL_SHORTCUT" />
39    -->
40    <!-- 华为修改角标需要设置权限 -->
41    <uses-permission android:name="com.huawei.android.launcher.permission.CHANGE_BADGE" /> <!-- vivo 修改角标需要设置权限 -->
41-->[lib.5plus.base-release.aar] AndroidManifest.xml:27:5-91
41-->[lib.5plus.base-release.aar] AndroidManifest.xml:27:22-88
42    <uses-permission android:name="com.vivo.notification.permission.BADGE_ICON" />
42-->[lib.5plus.base-release.aar] AndroidManifest.xml:29:5-83
42-->[lib.5plus.base-release.aar] AndroidManifest.xml:29:22-80
43
44    <queries>
44-->[lib.5plus.base-release.aar] AndroidManifest.xml:31:5-40:15
45        <intent>
45-->[lib.5plus.base-release.aar] AndroidManifest.xml:32:9-34:18
46            <action android:name="android.intent.action.MAIN" />
46-->src/main/AndroidManifest.xml:52:17-68
46-->src/main/AndroidManifest.xml:52:25-66
47        </intent>
48        <intent>
48-->[lib.5plus.base-release.aar] AndroidManifest.xml:35:9-39:18
49            <action android:name="android.intent.action.VIEW" />
49-->src/main/AndroidManifest.xml:41:17-68
49-->src/main/AndroidManifest.xml:41:25-66
50
51            <category android:name="android.intent.category.DEFAULT" />
51-->src/main/AndroidManifest.xml:43:17-75
51-->src/main/AndroidManifest.xml:43:27-73
52        </intent>
53        <intent>
53-->[:uniplugin_ease_push] AndroidManifest.xml:35:9-37:18
54            <action android:name="com.hihonor.push.action.BIND_PUSH_SERVICE" />
54-->[:uniplugin_ease_push] AndroidManifest.xml:36:13-80
54-->[:uniplugin_ease_push] AndroidManifest.xml:36:21-77
55        </intent>
56
57        <package android:name="com.huawei.android.pushagent" />
57-->[com.huawei.hms:push:6.12.0.300] AndroidManifest.xml:26:9-64
57-->[com.huawei.hms:push:6.12.0.300] AndroidManifest.xml:26:18-61
58
59        <intent>
59-->[com.huawei.hms:device:6.11.0.302] AndroidManifest.xml:15:9-17:18
60            <action android:name="com.huawei.hms.core.aidlservice" />
60-->[com.huawei.hms:device:6.11.0.302] AndroidManifest.xml:16:13-70
60-->[com.huawei.hms:device:6.11.0.302] AndroidManifest.xml:16:21-67
61        </intent>
62        <intent>
62-->[com.huawei.hms:device:6.11.0.302] AndroidManifest.xml:18:9-20:18
63            <action android:name="com.huawei.hms.core" />
63-->[com.huawei.hms:device:6.11.0.302] AndroidManifest.xml:19:13-58
63-->[com.huawei.hms:device:6.11.0.302] AndroidManifest.xml:19:21-55
64        </intent>
65
66        <package android:name="com.huawei.works" />
66-->[com.huawei.hms:network-common:6.0.11.300] AndroidManifest.xml:12:9-52
66-->[com.huawei.hms:network-common:6.0.11.300] AndroidManifest.xml:12:18-49
67    </queries>
68
69    <uses-permission
70        android:name="android.permission.READ_EXTERNAL_STORAGE"
71        android:maxSdkVersion="32" />
71-->[:uniplugin_ease_push] AndroidManifest.xml:21:9-35
72    <uses-permission android:name="com.asus.msa.SupplementaryDID.ACCESS" />
72-->[oaid_sdk_1.0.25.aar] AndroidManifest.xml:13:5-76
72-->[oaid_sdk_1.0.25.aar] AndroidManifest.xml:13:22-73
73    <uses-permission android:name="freemme.permission.msa" />
73-->[oaid_sdk_1.0.25.aar] AndroidManifest.xml:15:5-62
73-->[oaid_sdk_1.0.25.aar] AndroidManifest.xml:15:22-59
74    <uses-permission android:name="android.permission.WAKE_LOCK" />
74-->[:uniplugin_ease_push] AndroidManifest.xml:8:5-68
74-->[:uniplugin_ease_push] AndroidManifest.xml:8:22-65
75    <uses-permission android:name="android.permission.ACCESS_WIFI_STATE" /> <!-- android 13 通知运行时权限 -->
75-->[:uniplugin_ease_push] AndroidManifest.xml:10:5-76
75-->[:uniplugin_ease_push] AndroidManifest.xml:10:22-73
76    <uses-permission android:name="android.permission.POST_NOTIFICATIONS" /> <!-- Oppo推送配置（如果应用无透传权限，则不用配置） start -->
76-->[:uniplugin_ease_push] AndroidManifest.xml:12:5-77
76-->[:uniplugin_ease_push] AndroidManifest.xml:12:22-74
77    <uses-permission android:name="com.coloros.mcs.permission.RECIEVE_MCS_MESSAGE" />
77-->[:uniplugin_ease_push] AndroidManifest.xml:27:5-86
77-->[:uniplugin_ease_push] AndroidManifest.xml:27:22-83
78    <uses-permission android:name="com.heytap.mcs.permission.RECIEVE_MCS_MESSAGE" />
78-->[:uniplugin_ease_push] AndroidManifest.xml:28:5-85
78-->[:uniplugin_ease_push] AndroidManifest.xml:28:22-82
79
80    <permission
80-->[com.huawei.hms:push:6.12.0.300] AndroidManifest.xml:9:5-11:47
81        android:name="hyphenate.demo.push.permission.PROCESS_PUSH_MSG"
81-->[com.huawei.hms:push:6.12.0.300] AndroidManifest.xml:10:9-68
82        android:protectionLevel="signature" /> <!-- PUSH_PROVIDER and PUSH_WRITE_PROVIDER are both provider registered permissions for the notification switch. -->
82-->[com.huawei.hms:push:6.12.0.300] AndroidManifest.xml:11:9-44
83    <!-- The SDK's notification bar switch, EMUI 9.x becomes write to the local sp, sharing the file through the provider to the push-rom, which reads the sp file to get the status of the notification bar switch. -->
84    <permission
84-->[com.huawei.hms:push:6.12.0.300] AndroidManifest.xml:14:5-16:47
85        android:name="hyphenate.demo.push.permission.PUSH_PROVIDER"
85-->[com.huawei.hms:push:6.12.0.300] AndroidManifest.xml:15:9-65
86        android:protectionLevel="signature" />
86-->[com.huawei.hms:push:6.12.0.300] AndroidManifest.xml:16:9-44
87    <permission
87-->[com.huawei.hms:push:6.12.0.300] AndroidManifest.xml:17:5-19:47
88        android:name="hyphenate.demo.push.permission.PUSH_WRITE_PROVIDER"
88-->[com.huawei.hms:push:6.12.0.300] AndroidManifest.xml:18:9-71
89        android:protectionLevel="signature" />
89-->[com.huawei.hms:push:6.12.0.300] AndroidManifest.xml:19:9-44
90
91    <uses-permission android:name="hyphenate.demo.push.permission.PROCESS_PUSH_MSG" />
91-->[com.huawei.hms:push:6.12.0.300] AndroidManifest.xml:21:5-84
91-->[com.huawei.hms:push:6.12.0.300] AndroidManifest.xml:21:22-81
92    <uses-permission android:name="hyphenate.demo.push.permission.PUSH_PROVIDER" />
92-->[com.huawei.hms:push:6.12.0.300] AndroidManifest.xml:22:5-81
92-->[com.huawei.hms:push:6.12.0.300] AndroidManifest.xml:22:22-78
93    <uses-permission android:name="com.hihonor.push.permission.READ_PUSH_NOTIFICATION_INFO" /> <!-- Barcode(二维码)  end -->
93-->[com.hihonor.mcs:push:7.0.61.303] AndroidManifest.xml:11:5-95
93-->[com.hihonor.mcs:push:7.0.61.303] AndroidManifest.xml:11:22-92
94    <application
94-->src/main/AndroidManifest.xml:23:5-128:19
95        android:name="io.dcloud.application.DCloudApplication"
95-->src/main/AndroidManifest.xml:24:9-63
96        android:allowBackup="true"
96-->[:uniplugin_ease_push] AndroidManifest.xml:41:9-35
97        android:allowClearUserData="true"
97-->src/main/AndroidManifest.xml:25:9-42
98        android:appComponentFactory="androidx.core.app.CoreComponentFactory"
98-->[androidx.core:core:1.6.0] AndroidManifest.xml:24:18-86
99        android:extractNativeLibs="true"
100        android:icon="@drawable/icon"
100-->src/main/AndroidManifest.xml:26:9-38
101        android:label="@string/app_name"
101-->src/main/AndroidManifest.xml:27:9-41
102        android:largeHeap="true"
102-->src/main/AndroidManifest.xml:28:9-33
103        android:supportsRtl="true"
103-->src/main/AndroidManifest.xml:29:9-35
104        android:usesCleartextTraffic="true" >
104-->[lib.5plus.base-release.aar] AndroidManifest.xml:175:9-44
105
106        <!-- 应用入口 -->
107        <activity
107-->src/main/AndroidManifest.xml:32:9-55:20
108            android:name="io.dcloud.PandoraEntry"
108-->src/main/AndroidManifest.xml:33:13-50
109            android:configChanges="orientation|keyboardHidden|screenSize|mcc|mnc|fontScale"
109-->src/main/AndroidManifest.xml:35:13-92
110            android:exported="true"
110-->src/main/AndroidManifest.xml:37:13-36
111            android:hardwareAccelerated="true"
111-->src/main/AndroidManifest.xml:36:13-47
112            android:theme="@style/TranslucentTheme"
112-->src/main/AndroidManifest.xml:34:13-52
113            android:windowSoftInputMode="adjustResize" >
113-->src/main/AndroidManifest.xml:38:13-55
114            <intent-filter>
114-->src/main/AndroidManifest.xml:39:13-45:29
115                <data android:scheme="hbuilder" />
115-->src/main/AndroidManifest.xml:40:17-50
115-->src/main/AndroidManifest.xml:40:23-48
116
117                <action android:name="android.intent.action.VIEW" />
117-->src/main/AndroidManifest.xml:41:17-68
117-->src/main/AndroidManifest.xml:41:25-66
118
119                <category android:name="android.intent.category.DEFAULT" />
119-->src/main/AndroidManifest.xml:43:17-75
119-->src/main/AndroidManifest.xml:43:27-73
120                <category android:name="android.intent.category.BROWSABLE" />
120-->src/main/AndroidManifest.xml:44:17-77
120-->src/main/AndroidManifest.xml:44:27-75
121            </intent-filter>
122            <intent-filter>
122-->src/main/AndroidManifest.xml:46:13-50:29
123                <data android:mimeType="image/*" />
123-->src/main/AndroidManifest.xml:40:17-50
123-->src/main/AndroidManifest.xml:47:23-49
124
125                <action android:name="android.intent.action.SEND" />
125-->src/main/AndroidManifest.xml:48:17-68
125-->src/main/AndroidManifest.xml:48:25-66
126
127                <category android:name="android.intent.category.DEFAULT" />
127-->src/main/AndroidManifest.xml:43:17-75
127-->src/main/AndroidManifest.xml:43:27-73
128            </intent-filter>
129            <intent-filter>
129-->src/main/AndroidManifest.xml:51:13-54:29
130                <action android:name="android.intent.action.MAIN" />
130-->src/main/AndroidManifest.xml:52:17-68
130-->src/main/AndroidManifest.xml:52:25-66
131
132                <category android:name="android.intent.category.LAUNCHER" />
132-->src/main/AndroidManifest.xml:53:17-76
132-->src/main/AndroidManifest.xml:53:27-74
133            </intent-filter>
134        </activity>
135
136        <meta-data
136-->src/main/AndroidManifest.xml:56:9-57:35
137            android:name="dcloud_uninview_background"
137-->src/main/AndroidManifest.xml:56:20-61
138            android:value="true" />
138-->src/main/AndroidManifest.xml:57:13-33
139
140        <activity
140-->src/main/AndroidManifest.xml:59:9-84:20
141            android:name="io.dcloud.PandoraEntryActivity"
141-->src/main/AndroidManifest.xml:60:13-58
142            android:configChanges="orientation|keyboardHidden|screenSize|mcc|mnc|fontScale|keyboard|smallestScreenSize|screenLayout|screenSize|uiMode"
142-->src/main/AndroidManifest.xml:62:13-151
143            android:exported="true"
143-->src/main/AndroidManifest.xml:67:13-36
144            android:hardwareAccelerated="true"
144-->src/main/AndroidManifest.xml:63:13-47
145            android:launchMode="singleTask"
145-->src/main/AndroidManifest.xml:61:13-44
146            android:permission="com.miui.securitycenter.permission.AppPermissionsEditor"
146-->src/main/AndroidManifest.xml:64:13-89
147            android:screenOrientation="user"
147-->src/main/AndroidManifest.xml:65:13-45
148            android:theme="@style/DCloudTheme"
148-->src/main/AndroidManifest.xml:66:13-47
149            android:windowSoftInputMode="adjustResize" >
149-->src/main/AndroidManifest.xml:68:13-55
150            <intent-filter>
150-->src/main/AndroidManifest.xml:70:13-83:29
151                <category android:name="android.intent.category.DEFAULT" />
151-->src/main/AndroidManifest.xml:43:17-75
151-->src/main/AndroidManifest.xml:43:27-73
152                <category android:name="android.intent.category.BROWSABLE" />
152-->src/main/AndroidManifest.xml:44:17-77
152-->src/main/AndroidManifest.xml:44:27-75
153
154                <action android:name="android.intent.action.VIEW" />
154-->src/main/AndroidManifest.xml:41:17-68
154-->src/main/AndroidManifest.xml:41:25-66
155
156                <data android:scheme=" " />
156-->src/main/AndroidManifest.xml:40:17-50
156-->src/main/AndroidManifest.xml:40:23-48
157            </intent-filter>
158        </activity>
159        <!-- dcloud 离线打包需要的 appkey -->
160        <meta-data
160-->src/main/AndroidManifest.xml:86:9-88:64
161            android:name="dcloud_appkey"
161-->src/main/AndroidManifest.xml:87:13-41
162            android:value="0eea0a1d239112de3b8963a71c3b85df" />
162-->src/main/AndroidManifest.xml:88:13-61
163
164        <!-- 本地调试推送配置 start -->
165        <meta-data
165-->src/main/AndroidManifest.xml:91:9-93:41
166            android:name="com.hihonor.push.app_id"
166-->src/main/AndroidManifest.xml:92:13-51
167            android:value="104459115" />
167-->src/main/AndroidManifest.xml:93:13-38
168        <meta-data
168-->src/main/AndroidManifest.xml:95:9-97:64
169            android:name="OPPO_APP_KEY"
169-->src/main/AndroidManifest.xml:96:13-40
170            android:value="0b70d6a74a7148468899c3dca737654a" />
170-->src/main/AndroidManifest.xml:97:13-61
171        <meta-data
171-->src/main/AndroidManifest.xml:99:9-101:64
172            android:name="OPPO_APP_SECRET"
172-->src/main/AndroidManifest.xml:100:13-43
173            android:value="d9eaefb90c4b4c8e837e3e30cda6ffb2" />
173-->src/main/AndroidManifest.xml:101:13-61
174        <meta-data
174-->src/main/AndroidManifest.xml:103:9-105:64
175            android:name="com.vivo.push.api_key"
175-->src/main/AndroidManifest.xml:104:13-49
176            android:value="bf9b5941615f32b60ab906966b3b9755" />
176-->src/main/AndroidManifest.xml:105:13-61
177        <meta-data
177-->src/main/AndroidManifest.xml:107:9-109:41
178            android:name="com.vivo.push.app_id"
178-->src/main/AndroidManifest.xml:108:13-48
179            android:value="105792633" />
179-->src/main/AndroidManifest.xml:109:13-38
180        <meta-data
180-->src/main/AndroidManifest.xml:111:9-113:51
181            android:name="XIAO_MI_APP_ID"
181-->src/main/AndroidManifest.xml:112:13-42
182            android:value="2882303761520334485" />
182-->src/main/AndroidManifest.xml:113:13-48
183        <meta-data
183-->src/main/AndroidManifest.xml:115:9-117:45
184            android:name="XIAO_MI_APP_KEY"
184-->src/main/AndroidManifest.xml:116:13-43
185            android:value="5912033445485" />
185-->src/main/AndroidManifest.xml:117:13-42
186        <meta-data
186-->src/main/AndroidManifest.xml:119:9-121:38
187            android:name="MEI_ZU_APP_ID"
187-->src/main/AndroidManifest.xml:120:13-41
188            android:value="153508" />
188-->src/main/AndroidManifest.xml:121:13-35
189        <meta-data
189-->src/main/AndroidManifest.xml:123:9-125:64
190            android:name="MEI_ZU_APP_KEY"
190-->src/main/AndroidManifest.xml:124:13-42
191            android:value="99c0860422a649fbb0b4654a82b06e3f" />
191-->src/main/AndroidManifest.xml:125:13-61
192
193        <!--
194        <activity
195            android:name="io.dcloud.imagepick.CustomGalleryActivity"
196            android:noHistory="true"
197            android:exported="false"/>
198        -->
199        <activity
199-->[lib.5plus.base-release.aar] AndroidManifest.xml:184:9-190:58
200            android:name="io.dcloud.feature.nativeObj.photoview.PhotoActivity"
200-->[lib.5plus.base-release.aar] AndroidManifest.xml:185:13-79
201            android:configChanges="orientation|keyboardHidden"
201-->[lib.5plus.base-release.aar] AndroidManifest.xml:186:13-63
202            android:exported="false"
202-->[lib.5plus.base-release.aar] AndroidManifest.xml:187:13-37
203            android:noHistory="false"
203-->[lib.5plus.base-release.aar] AndroidManifest.xml:188:13-38
204            android:screenOrientation="behind"
204-->[lib.5plus.base-release.aar] AndroidManifest.xml:189:13-47
205            android:theme="@style/DeviceDefault.Light" />
205-->[lib.5plus.base-release.aar] AndroidManifest.xml:190:13-55
206        <activity
206-->[lib.5plus.base-release.aar] AndroidManifest.xml:191:9-200:58
207            android:name="io.dcloud.WebAppActivity"
207-->[lib.5plus.base-release.aar] AndroidManifest.xml:192:13-52
208            android:configChanges="orientation|keyboard|keyboardHidden|smallestScreenSize|screenLayout|screenSize|mcc|mnc|fontScale|navigation"
208-->[lib.5plus.base-release.aar] AndroidManifest.xml:193:13-144
209            android:hardwareAccelerated="true"
209-->[lib.5plus.base-release.aar] AndroidManifest.xml:194:13-47
210            android:icon="@drawable/dcloud_recent"
210-->[lib.5plus.base-release.aar] AndroidManifest.xml:195:13-51
211            android:label="@string/stream_my"
211-->[lib.5plus.base-release.aar] AndroidManifest.xml:196:13-46
212            android:launchMode="singleTask"
212-->[lib.5plus.base-release.aar] AndroidManifest.xml:197:13-44
213            android:screenOrientation="portrait"
213-->[lib.5plus.base-release.aar] AndroidManifest.xml:198:13-49
214            android:theme="@style/DCloudTheme"
214-->[lib.5plus.base-release.aar] AndroidManifest.xml:199:13-47
215            android:windowSoftInputMode="adjustResize" />
215-->[lib.5plus.base-release.aar] AndroidManifest.xml:200:13-55
216        <activity
216-->[lib.5plus.base-release.aar] AndroidManifest.xml:201:9-205:75
217            android:name="io.dcloud.ProcessMediator"
217-->[lib.5plus.base-release.aar] AndroidManifest.xml:202:13-53
218            android:excludeFromRecents="true"
218-->[lib.5plus.base-release.aar] AndroidManifest.xml:203:13-46
219            android:exported="false"
219-->[lib.5plus.base-release.aar] AndroidManifest.xml:204:13-37
220            android:theme="@android:style/Theme.Translucent.NoTitleBar" />
220-->[lib.5plus.base-release.aar] AndroidManifest.xml:205:13-72
221        <activity
221-->[lib.5plus.base-release.aar] AndroidManifest.xml:206:9-212:20
222            android:name="io.dcloud.WebviewActivity"
222-->[lib.5plus.base-release.aar] AndroidManifest.xml:207:13-53
223            android:exported="false"
223-->[lib.5plus.base-release.aar] AndroidManifest.xml:208:13-37
224            android:screenOrientation="portrait"
224-->[lib.5plus.base-release.aar] AndroidManifest.xml:209:13-49
225            android:theme="@style/ThemeNoTitleBar"
225-->[lib.5plus.base-release.aar] AndroidManifest.xml:210:13-51
226            android:windowSoftInputMode="adjustPan" >
226-->[lib.5plus.base-release.aar] AndroidManifest.xml:211:13-52
227        </activity> <!-- gallery******start -->
228        <activity
228-->[lib.5plus.base-release.aar] AndroidManifest.xml:215:9-220:63
229            android:name="com.dmcbig.mediapicker.PickerActivity"
229-->[lib.5plus.base-release.aar] AndroidManifest.xml:216:13-65
230            android:configChanges="orientation|screenSize"
230-->[lib.5plus.base-release.aar] AndroidManifest.xml:217:13-59
231            android:exported="false"
231-->[lib.5plus.base-release.aar] AndroidManifest.xml:218:13-37
232            android:theme="@style/DeviceDefault.Light"
232-->[lib.5plus.base-release.aar] AndroidManifest.xml:219:13-55
233            android:windowSoftInputMode="stateAlwaysHidden" />
233-->[lib.5plus.base-release.aar] AndroidManifest.xml:220:13-60
234        <activity
234-->[lib.5plus.base-release.aar] AndroidManifest.xml:221:9-226:63
235            android:name="com.dmcbig.mediapicker.PreviewActivity"
235-->[lib.5plus.base-release.aar] AndroidManifest.xml:222:13-66
236            android:configChanges="orientation|screenSize"
236-->[lib.5plus.base-release.aar] AndroidManifest.xml:223:13-59
237            android:exported="false"
237-->[lib.5plus.base-release.aar] AndroidManifest.xml:224:13-37
238            android:theme="@style/DeviceDefault.Light"
238-->[lib.5plus.base-release.aar] AndroidManifest.xml:225:13-55
239            android:windowSoftInputMode="stateAlwaysHidden" /> <!-- gallery******end -->
239-->[lib.5plus.base-release.aar] AndroidManifest.xml:226:13-60
240        <provider
240-->[lib.5plus.base-release.aar] AndroidManifest.xml:229:9-237:20
241            android:name="io.dcloud.common.util.DCloud_FileProvider"
241-->[lib.5plus.base-release.aar] AndroidManifest.xml:230:13-69
242            android:authorities="hyphenate.demo.push.dc.fileprovider"
242-->[lib.5plus.base-release.aar] AndroidManifest.xml:231:13-67
243            android:exported="false"
243-->[lib.5plus.base-release.aar] AndroidManifest.xml:232:13-37
244            android:grantUriPermissions="true" >
244-->[lib.5plus.base-release.aar] AndroidManifest.xml:233:13-47
245            <meta-data
245-->[lib.5plus.base-release.aar] AndroidManifest.xml:234:13-236:64
246                android:name="android.support.FILE_PROVIDER_PATHS"
246-->[lib.5plus.base-release.aar] AndroidManifest.xml:235:17-67
247                android:resource="@xml/dcloud_file_provider" />
247-->[lib.5plus.base-release.aar] AndroidManifest.xml:236:17-61
248        </provider>
249        <!--
250            <meta-data
251            android:name="DCLOUD_STREAMAPP_CHANNEL"
252            android:value="io.dcloud.%APPID%|%APPID%|" />
253        -->
254        <meta-data
254-->[lib.5plus.base-release.aar] AndroidManifest.xml:244:9-246:35
255            android:name="android.max_aspect"
255-->[lib.5plus.base-release.aar] AndroidManifest.xml:245:13-46
256            android:value="2.4" />
256-->[lib.5plus.base-release.aar] AndroidManifest.xml:246:13-32
257
258        <activity
258-->[lib.5plus.base-release.aar] AndroidManifest.xml:248:9-253:63
259            android:name="io.dcloud.feature.gallery.imageedit.IMGEditActivity"
259-->[lib.5plus.base-release.aar] AndroidManifest.xml:249:13-79
260            android:configChanges="orientation|keyboardHidden|screenSize"
260-->[lib.5plus.base-release.aar] AndroidManifest.xml:250:13-74
261            android:exported="false"
261-->[lib.5plus.base-release.aar] AndroidManifest.xml:251:13-37
262            android:theme="@style/ImageEditTheme"
262-->[lib.5plus.base-release.aar] AndroidManifest.xml:252:13-50
263            android:windowSoftInputMode="stateAlwaysHidden" /> <!-- 广告相关配置开始 -->
263-->[lib.5plus.base-release.aar] AndroidManifest.xml:253:13-60
264        <activity
264-->[lib.5plus.base-release.aar] AndroidManifest.xml:256:9-261:55
265            android:name="io.dcloud.sdk.activity.WebViewActivity"
265-->[lib.5plus.base-release.aar] AndroidManifest.xml:257:13-66
266            android:exported="false"
266-->[lib.5plus.base-release.aar] AndroidManifest.xml:258:13-37
267            android:screenOrientation="portrait"
267-->[lib.5plus.base-release.aar] AndroidManifest.xml:259:13-49
268            android:theme="@style/ThemeNoTitleBar"
268-->[lib.5plus.base-release.aar] AndroidManifest.xml:260:13-51
269            android:windowSoftInputMode="adjustPan" />
269-->[lib.5plus.base-release.aar] AndroidManifest.xml:261:13-52
270
271        <service
271-->[lib.5plus.base-release.aar] AndroidManifest.xml:263:9-266:72
272            android:name="io.dcloud.sdk.base.service.DownloadService"
272-->[lib.5plus.base-release.aar] AndroidManifest.xml:264:13-70
273            android:exported="false"
273-->[lib.5plus.base-release.aar] AndroidManifest.xml:265:13-37
274            android:permission="android.permission.BIND_JOB_SERVICE" />
274-->[lib.5plus.base-release.aar] AndroidManifest.xml:266:13-69
275
276        <provider
276-->[lib.5plus.base-release.aar] AndroidManifest.xml:268:9-276:20
277            android:name="io.dcloud.sdk.base.service.provider.DCloudAdFileProvider"
277-->[lib.5plus.base-release.aar] AndroidManifest.xml:269:13-84
278            android:authorities="hyphenate.demo.push.dc.fileprovider"
278-->[lib.5plus.base-release.aar] AndroidManifest.xml:270:13-67
279            android:exported="false"
279-->[lib.5plus.base-release.aar] AndroidManifest.xml:271:13-37
280            android:grantUriPermissions="true" >
280-->[lib.5plus.base-release.aar] AndroidManifest.xml:272:13-47
281            <meta-data
281-->[lib.5plus.base-release.aar] AndroidManifest.xml:234:13-236:64
282                android:name="android.support.FILE_PROVIDER_PATHS"
282-->[lib.5plus.base-release.aar] AndroidManifest.xml:235:17-67
283                android:resource="@xml/dcloud_gg_file_provider" />
283-->[lib.5plus.base-release.aar] AndroidManifest.xml:236:17-61
284        </provider>
285
286        <receiver
286-->[uniapp-v8-release.aar] AndroidManifest.xml:30:9-34:20
287            android:name="com.taobao.weex.WXGlobalEventReceiver"
287-->[uniapp-v8-release.aar] AndroidManifest.xml:31:13-65
288            android:enabled="true"
288-->[uniapp-v8-release.aar] AndroidManifest.xml:32:13-35
289            android:exported="false" >
289-->[uniapp-v8-release.aar] AndroidManifest.xml:33:13-37
290        </receiver>
291
292        <meta-data
292-->[oppo_push_3.5.2.aar] AndroidManifest.xml:12:9-14:36
293            android:name="sdkVersion"
293-->[oppo_push_3.5.2.aar] AndroidManifest.xml:13:13-38
294            android:value="3502" /> <!-- 该字段大于等于480，则表示支持点击消息直接打开应用activity，优化启动慢问题。 -->
294-->[oppo_push_3.5.2.aar] AndroidManifest.xml:14:13-33
295        <meta-data
295-->[vivo_push_v4.0.4.0_504.aar] AndroidManifest.xml:16:9-18:35
296            android:name="sdk_version_vivo"
296-->[vivo_push_v4.0.4.0_504.aar] AndroidManifest.xml:17:13-44
297            android:value="504" />
297-->[vivo_push_v4.0.4.0_504.aar] AndroidManifest.xml:18:13-32
298
299        <service
299-->[vivo_push_v4.0.4.0_504.aar] AndroidManifest.xml:20:9-23:71
300            android:name="com.vivo.push.sdk.service.CommandClientService"
300-->[vivo_push_v4.0.4.0_504.aar] AndroidManifest.xml:21:13-74
301            android:exported="true"
301-->[vivo_push_v4.0.4.0_504.aar] AndroidManifest.xml:22:13-36
302            android:permission="com.push.permission.UPSTAGESERVICE" />
302-->[vivo_push_v4.0.4.0_504.aar] AndroidManifest.xml:23:13-68
303
304        <meta-data
304-->[vivo_push_v4.0.4.0_504.aar] AndroidManifest.xml:25:9-27:295
305            android:name="local_iv"
305-->[vivo_push_v4.0.4.0_504.aar] AndroidManifest.xml:26:13-36
306            android:value="MzMsMzQsMzUsMzYsMzcsMzgsMzksNDAsNDEsMzIsMzgsMzcsMzYsMzUsMzQsMzMsI0AzNCwzMiwzMywzNywzMywzNCwzMiwzMywzMywzMywzNCw0MSwzNSwzNSwzMiwzMiwjQDMzLDM0LDM1LDM2LDM3LDM4LDM5LDQwLDQxLDMyLDM4LDM3LDMzLDM1LDM0LDMzLCNAMzQsMzIsMzMsMzcsMzMsMzQsMzIsMzMsMzMsMzMsMzQsNDEsMzUsMzIsMzIsMzI" /> <!-- 支持性能监控 -->
306-->[vivo_push_v4.0.4.0_504.aar] AndroidManifest.xml:27:13-292
307        <meta-data
307-->[vivo_push_v4.0.4.0_504.aar] AndroidManifest.xml:28:9-30:33
308            android:name="com.vivo.push.support_monitor"
308-->[vivo_push_v4.0.4.0_504.aar] AndroidManifest.xml:29:13-57
309            android:value="1" />
309-->[vivo_push_v4.0.4.0_504.aar] AndroidManifest.xml:30:13-30
310
311        <activity
311-->[:uniplugin_module] AndroidManifest.xml:8:9-10:84
312            android:name="io.dcloud.uniplugin.NativePageActivity"
312-->[:uniplugin_module] AndroidManifest.xml:9:13-66
313            android:theme="@android:style/Theme.DeviceDefault.Light.NoActionBar" />
313-->[:uniplugin_module] AndroidManifest.xml:10:13-81
314        <activity
314-->[:uniplugin_ease_push] AndroidManifest.xml:46:9-56:20
315            android:name="com.hyphenate.push.OnClickNotifyActivity"
315-->[:uniplugin_ease_push] AndroidManifest.xml:47:13-68
316            android:exported="true" >